[debug] [2023-09-21T07:14:20.753Z] ----------------------------------------------------------------------
[debug] [2023-09-21T07:14:20.759Z] Command:       C:\Program Files\nodejs\node.exe C:\Users\aarya\AppData\Roaming\npm\node_modules\firebase-tools\lib\bin\firebase.js deploy --only hosting:ayush-ayurveda --project ayush-ayurveda
[debug] [2023-09-21T07:14:20.760Z] CLI Version:   12.5.4
[debug] [2023-09-21T07:14:20.760Z] Platform:      win32
[debug] [2023-09-21T07:14:20.761Z] Node Version:  v20.6.1
[debug] [2023-09-21T07:14:20.761Z] Time:          Thu Sep 21 2023 12:44:20 GMT+0530 (India Standard Time)
[debug] [2023-09-21T07:14:20.761Z] ----------------------------------------------------------------------
[debug] 
[debug] [2023-09-21T07:14:20.934Z] > command requires scopes: ["email","openid","https://www.googleapis.com/auth/cloudplatformprojects.readonly","https://www.googleapis.com/auth/firebase","https://www.googleapis.com/auth/cloud-platform"]
[debug] [2023-09-21T07:14:20.935Z] > authorizing via signed-in user (aaryarajoju@gmail.com)
[debug] [2023-09-21T07:14:20.935Z] [iam] checking project ayush-ayurveda for permissions ["firebase.projects.get","firebasehosting.sites.update"]
[debug] [2023-09-21T07:14:20.939Z] > refreshing access token with scopes: []
[debug] [2023-09-21T07:14:20.944Z] >>> [apiv2][query] POST https://www.googleapis.com/oauth2/v3/token [none]
[debug] [2023-09-21T07:14:20.944Z] >>> [apiv2][body] POST https://www.googleapis.com/oauth2/v3/token [omitted]
[debug] [2023-09-21T07:14:21.383Z] <<< [apiv2][status] POST https://www.googleapis.com/oauth2/v3/token 400
[debug] [2023-09-21T07:14:21.383Z] <<< [apiv2][body] POST https://www.googleapis.com/oauth2/v3/token [omitted]
[debug] [2023-09-21T07:14:21.383Z] >>> [apiv2][query] POST https://cloudresourcemanager.googleapis.com/v1/projects/ayush-ayurveda:testIamPermissions [none]
[debug] [2023-09-21T07:14:21.384Z] >>> [apiv2][(partial)header] POST https://cloudresourcemanager.googleapis.com/v1/projects/ayush-ayurveda:testIamPermissions x-goog-quota-user=projects/ayush-ayurveda
[debug] [2023-09-21T07:14:21.384Z] >>> [apiv2][body] POST https://cloudresourcemanager.googleapis.com/v1/projects/ayush-ayurveda:testIamPermissions {"permissions":["firebase.projects.get","firebasehosting.sites.update"]}
[debug] [2023-09-21T07:14:24.686Z] <<< [apiv2][status] POST https://cloudresourcemanager.googleapis.com/v1/projects/ayush-ayurveda:testIamPermissions 401
[debug] [2023-09-21T07:14:24.687Z] <<< [apiv2][body] POST https://cloudresourcemanager.googleapis.com/v1/projects/ayush-ayurveda:testIamPermissions {"error":{"code":401,"message":"Request had invalid authentication credentials. Expected OAuth 2 access token, login cookie or other valid authentication credential. See https://developers.google.com/identity/sign-in/web/devconsole-project.","status":"UNAUTHENTICATED","details":[{"@type":"type.googleapis.com/google.rpc.ErrorInfo","reason":"ACCESS_TOKEN_TYPE_UNSUPPORTED","metadata":{"method":"google.cloudresourcemanager.v1.Projects.TestIamPermissions","service":"cloudresourcemanager.googleapis.com"}}]}}
[debug] [2023-09-21T07:14:24.689Z] [iam] error while checking permissions, command may fail: FirebaseError: HTTP Error: 401, Request had invalid authentication credentials. Expected OAuth 2 access token, login cookie or other valid authentication credential. See https://developers.google.com/identity/sign-in/web/devconsole-project.
[debug] [2023-09-21T07:14:24.690Z] > refreshing access token with scopes: []
[debug] [2023-09-21T07:14:24.691Z] >>> [apiv2][query] POST https://www.googleapis.com/oauth2/v3/token [none]
[debug] [2023-09-21T07:14:24.691Z] >>> [apiv2][body] POST https://www.googleapis.com/oauth2/v3/token [omitted]
[debug] [2023-09-21T07:14:24.855Z] <<< [apiv2][status] POST https://www.googleapis.com/oauth2/v3/token 400
[debug] [2023-09-21T07:14:24.855Z] <<< [apiv2][body] POST https://www.googleapis.com/oauth2/v3/token [omitted]
[debug] [2023-09-21T07:14:24.857Z] >>> [apiv2][query] GET https://firebase.googleapis.com/v1beta1/projects/ayush-ayurveda [none]
[debug] [2023-09-21T07:14:25.717Z] <<< [apiv2][status] GET https://firebase.googleapis.com/v1beta1/projects/ayush-ayurveda 401
[debug] [2023-09-21T07:14:25.717Z] <<< [apiv2][body] GET https://firebase.googleapis.com/v1beta1/projects/ayush-ayurveda {"error":{"code":401,"message":"Request had invalid authentication credentials. Expected OAuth 2 access token, login cookie or other valid authentication credential. See https://developers.google.com/identity/sign-in/web/devconsole-project.","status":"UNAUTHENTICATED"}}
[debug] [2023-09-21T07:14:25.718Z] HTTP Error: 401, Request had invalid authentication credentials. Expected OAuth 2 access token, login cookie or other valid authentication credential. See https://developers.google.com/identity/sign-in/web/devconsole-project.
[debug] [2023-09-21T07:14:25.720Z] FirebaseError: HTTP Error: 401, Request had invalid authentication credentials. Expected OAuth 2 access token, login cookie or other valid authentication credential. See https://developers.google.com/identity/sign-in/web/devconsole-project.
    at responseToError (C:\Users\aarya\AppData\Roaming\npm\node_modules\firebase-tools\lib\responseToError.js:49:12)
    at RetryOperation._fn (C:\Users\aarya\AppData\Roaming\npm\node_modules\firebase-tools\lib\apiv2.js:285:77)
    at process.processTicksAndRejections (node:internal/process/task_queues:95:5)
[error] 
[error] Error: Failed to get Firebase project ayush-ayurveda. Please make sure the project exists and your account has permission to access it.
[debug] [2023-09-21T07:14:48.850Z] ----------------------------------------------------------------------
[debug] [2023-09-21T07:14:48.856Z] Command:       C:\Program Files\nodejs\node.exe C:\Users\aarya\AppData\Roaming\npm\node_modules\firebase-tools\lib\bin\firebase.js deploy --only hosting:ayush-ayurveda --project sih-ayush-ayurveda
[debug] [2023-09-21T07:14:48.857Z] CLI Version:   12.5.4
[debug] [2023-09-21T07:14:48.857Z] Platform:      win32
[debug] [2023-09-21T07:14:48.858Z] Node Version:  v20.6.1
[debug] [2023-09-21T07:14:48.858Z] Time:          Thu Sep 21 2023 12:44:48 GMT+0530 (India Standard Time)
[debug] [2023-09-21T07:14:48.859Z] ----------------------------------------------------------------------
[debug] 
[debug] [2023-09-21T07:14:48.980Z] > command requires scopes: ["email","openid","https://www.googleapis.com/auth/cloudplatformprojects.readonly","https://www.googleapis.com/auth/firebase","https://www.googleapis.com/auth/cloud-platform"]
[debug] [2023-09-21T07:14:48.981Z] > authorizing via signed-in user (aaryarajoju@gmail.com)
[debug] [2023-09-21T07:14:48.981Z] [iam] checking project sih-ayush-ayurveda for permissions ["firebase.projects.get","firebasehosting.sites.update"]
[debug] [2023-09-21T07:14:48.982Z] > refreshing access token with scopes: []
[debug] [2023-09-21T07:14:48.985Z] >>> [apiv2][query] POST https://www.googleapis.com/oauth2/v3/token [none]
[debug] [2023-09-21T07:14:48.985Z] >>> [apiv2][body] POST https://www.googleapis.com/oauth2/v3/token [omitted]
[debug] [2023-09-21T07:14:49.554Z] <<< [apiv2][status] POST https://www.googleapis.com/oauth2/v3/token 400
[debug] [2023-09-21T07:14:49.554Z] <<< [apiv2][body] POST https://www.googleapis.com/oauth2/v3/token [omitted]
[debug] [2023-09-21T07:14:49.555Z] >>> [apiv2][query] POST https://cloudresourcemanager.googleapis.com/v1/projects/sih-ayush-ayurveda:testIamPermissions [none]
[debug] [2023-09-21T07:14:49.555Z] >>> [apiv2][(partial)header] POST https://cloudresourcemanager.googleapis.com/v1/projects/sih-ayush-ayurveda:testIamPermissions x-goog-quota-user=projects/sih-ayush-ayurveda
[debug] [2023-09-21T07:14:49.555Z] >>> [apiv2][body] POST https://cloudresourcemanager.googleapis.com/v1/projects/sih-ayush-ayurveda:testIamPermissions {"permissions":["firebase.projects.get","firebasehosting.sites.update"]}
[debug] [2023-09-21T07:14:51.223Z] <<< [apiv2][status] POST https://cloudresourcemanager.googleapis.com/v1/projects/sih-ayush-ayurveda:testIamPermissions 401
[debug] [2023-09-21T07:14:51.223Z] <<< [apiv2][body] POST https://cloudresourcemanager.googleapis.com/v1/projects/sih-ayush-ayurveda:testIamPermissions {"error":{"code":401,"message":"Request had invalid authentication credentials. Expected OAuth 2 access token, login cookie or other valid authentication credential. See https://developers.google.com/identity/sign-in/web/devconsole-project.","status":"UNAUTHENTICATED","details":[{"@type":"type.googleapis.com/google.rpc.ErrorInfo","reason":"ACCESS_TOKEN_TYPE_UNSUPPORTED","metadata":{"method":"google.cloudresourcemanager.v1.Projects.TestIamPermissions","service":"cloudresourcemanager.googleapis.com"}}]}}
[debug] [2023-09-21T07:14:51.225Z] [iam] error while checking permissions, command may fail: FirebaseError: HTTP Error: 401, Request had invalid authentication credentials. Expected OAuth 2 access token, login cookie or other valid authentication credential. See https://developers.google.com/identity/sign-in/web/devconsole-project.
[debug] [2023-09-21T07:14:51.226Z] > refreshing access token with scopes: []
[debug] [2023-09-21T07:14:51.226Z] >>> [apiv2][query] POST https://www.googleapis.com/oauth2/v3/token [none]
[debug] [2023-09-21T07:14:51.227Z] >>> [apiv2][body] POST https://www.googleapis.com/oauth2/v3/token [omitted]
[debug] [2023-09-21T07:14:51.399Z] <<< [apiv2][status] POST https://www.googleapis.com/oauth2/v3/token 400
[debug] [2023-09-21T07:14:51.399Z] <<< [apiv2][body] POST https://www.googleapis.com/oauth2/v3/token [omitted]
[debug] [2023-09-21T07:14:51.400Z] >>> [apiv2][query] GET https://firebase.googleapis.com/v1beta1/projects/sih-ayush-ayurveda [none]
[debug] [2023-09-21T07:14:51.787Z] <<< [apiv2][status] GET https://firebase.googleapis.com/v1beta1/projects/sih-ayush-ayurveda 401
[debug] [2023-09-21T07:14:51.787Z] <<< [apiv2][body] GET https://firebase.googleapis.com/v1beta1/projects/sih-ayush-ayurveda {"error":{"code":401,"message":"Request had invalid authentication credentials. Expected OAuth 2 access token, login cookie or other valid authentication credential. See https://developers.google.com/identity/sign-in/web/devconsole-project.","status":"UNAUTHENTICATED"}}
[debug] [2023-09-21T07:14:51.787Z] HTTP Error: 401, Request had invalid authentication credentials. Expected OAuth 2 access token, login cookie or other valid authentication credential. See https://developers.google.com/identity/sign-in/web/devconsole-project.
[debug] [2023-09-21T07:14:51.789Z] FirebaseError: HTTP Error: 401, Request had invalid authentication credentials. Expected OAuth 2 access token, login cookie or other valid authentication credential. See https://developers.google.com/identity/sign-in/web/devconsole-project.
    at responseToError (C:\Users\aarya\AppData\Roaming\npm\node_modules\firebase-tools\lib\responseToError.js:49:12)
    at RetryOperation._fn (C:\Users\aarya\AppData\Roaming\npm\node_modules\firebase-tools\lib\apiv2.js:285:77)
    at process.processTicksAndRejections (node:internal/process/task_queues:95:5)
[error] 
[error] Error: Failed to get Firebase project sih-ayush-ayurveda. Please make sure the project exists and your account has permission to access it.
[debug] [2023-09-21T07:15:07.556Z] ----------------------------------------------------------------------
[debug] [2023-09-21T07:15:07.559Z] Command:       C:\Program Files\nodejs\node.exe C:\Users\aarya\AppData\Roaming\npm\node_modules\firebase-tools\lib\bin\firebase.js deploy --only hosting:ayush-ayurveda --project sih-ayush-ayurveda
[debug] [2023-09-21T07:15:07.559Z] CLI Version:   12.5.4
[debug] [2023-09-21T07:15:07.560Z] Platform:      win32
[debug] [2023-09-21T07:15:07.560Z] Node Version:  v20.6.1
[debug] [2023-09-21T07:15:07.561Z] Time:          Thu Sep 21 2023 12:45:07 GMT+0530 (India Standard Time)
[debug] [2023-09-21T07:15:07.561Z] ----------------------------------------------------------------------
[debug] 
[debug] [2023-09-21T07:15:07.653Z] > command requires scopes: ["email","openid","https://www.googleapis.com/auth/cloudplatformprojects.readonly","https://www.googleapis.com/auth/firebase","https://www.googleapis.com/auth/cloud-platform"]
[debug] [2023-09-21T07:15:07.654Z] > authorizing via signed-in user (aaryarajoju@gmail.com)
[debug] [2023-09-21T07:15:07.654Z] [iam] checking project sih-ayush-ayurveda for permissions ["firebase.projects.get","firebasehosting.sites.update"]
[debug] [2023-09-21T07:15:07.656Z] > refreshing access token with scopes: []
[debug] [2023-09-21T07:15:07.658Z] >>> [apiv2][query] POST https://www.googleapis.com/oauth2/v3/token [none]
[debug] [2023-09-21T07:15:07.658Z] >>> [apiv2][body] POST https://www.googleapis.com/oauth2/v3/token [omitted]
[debug] [2023-09-21T07:15:08.055Z] <<< [apiv2][status] POST https://www.googleapis.com/oauth2/v3/token 400
[debug] [2023-09-21T07:15:08.055Z] <<< [apiv2][body] POST https://www.googleapis.com/oauth2/v3/token [omitted]
[debug] [2023-09-21T07:15:08.055Z] >>> [apiv2][query] POST https://cloudresourcemanager.googleapis.com/v1/projects/sih-ayush-ayurveda:testIamPermissions [none]
[debug] [2023-09-21T07:15:08.055Z] >>> [apiv2][(partial)header] POST https://cloudresourcemanager.googleapis.com/v1/projects/sih-ayush-ayurveda:testIamPermissions x-goog-quota-user=projects/sih-ayush-ayurveda
[debug] [2023-09-21T07:15:08.056Z] >>> [apiv2][body] POST https://cloudresourcemanager.googleapis.com/v1/projects/sih-ayush-ayurveda:testIamPermissions {"permissions":["firebase.projects.get","firebasehosting.sites.update"]}
[debug] [2023-09-21T07:15:09.597Z] <<< [apiv2][status] POST https://cloudresourcemanager.googleapis.com/v1/projects/sih-ayush-ayurveda:testIamPermissions 401
[debug] [2023-09-21T07:15:09.598Z] <<< [apiv2][body] POST https://cloudresourcemanager.googleapis.com/v1/projects/sih-ayush-ayurveda:testIamPermissions {"error":{"code":401,"message":"Request had invalid authentication credentials. Expected OAuth 2 access token, login cookie or other valid authentication credential. See https://developers.google.com/identity/sign-in/web/devconsole-project.","status":"UNAUTHENTICATED","details":[{"@type":"type.googleapis.com/google.rpc.ErrorInfo","reason":"ACCESS_TOKEN_TYPE_UNSUPPORTED","metadata":{"method":"google.cloudresourcemanager.v1.Projects.TestIamPermissions","service":"cloudresourcemanager.googleapis.com"}}]}}
[debug] [2023-09-21T07:15:09.600Z] [iam] error while checking permissions, command may fail: FirebaseError: HTTP Error: 401, Request had invalid authentication credentials. Expected OAuth 2 access token, login cookie or other valid authentication credential. See https://developers.google.com/identity/sign-in/web/devconsole-project.
[debug] [2023-09-21T07:15:09.601Z] > refreshing access token with scopes: []
[debug] [2023-09-21T07:15:09.602Z] >>> [apiv2][query] POST https://www.googleapis.com/oauth2/v3/token [none]
[debug] [2023-09-21T07:15:09.602Z] >>> [apiv2][body] POST https://www.googleapis.com/oauth2/v3/token [omitted]
[debug] [2023-09-21T07:15:09.742Z] <<< [apiv2][status] POST https://www.googleapis.com/oauth2/v3/token 400
[debug] [2023-09-21T07:15:09.743Z] <<< [apiv2][body] POST https://www.googleapis.com/oauth2/v3/token [omitted]
[debug] [2023-09-21T07:15:09.743Z] >>> [apiv2][query] GET https://firebase.googleapis.com/v1beta1/projects/sih-ayush-ayurveda [none]
[debug] [2023-09-21T07:15:10.253Z] <<< [apiv2][status] GET https://firebase.googleapis.com/v1beta1/projects/sih-ayush-ayurveda 401
[debug] [2023-09-21T07:15:10.253Z] <<< [apiv2][body] GET https://firebase.googleapis.com/v1beta1/projects/sih-ayush-ayurveda {"error":{"code":401,"message":"Request had invalid authentication credentials. Expected OAuth 2 access token, login cookie or other valid authentication credential. See https://developers.google.com/identity/sign-in/web/devconsole-project.","status":"UNAUTHENTICATED"}}
[debug] [2023-09-21T07:15:10.254Z] HTTP Error: 401, Request had invalid authentication credentials. Expected OAuth 2 access token, login cookie or other valid authentication credential. See https://developers.google.com/identity/sign-in/web/devconsole-project.
[debug] [2023-09-21T07:15:10.256Z] FirebaseError: HTTP Error: 401, Request had invalid authentication credentials. Expected OAuth 2 access token, login cookie or other valid authentication credential. See https://developers.google.com/identity/sign-in/web/devconsole-project.
    at responseToError (C:\Users\aarya\AppData\Roaming\npm\node_modules\firebase-tools\lib\responseToError.js:49:12)
    at RetryOperation._fn (C:\Users\aarya\AppData\Roaming\npm\node_modules\firebase-tools\lib\apiv2.js:285:77)
    at process.processTicksAndRejections (node:internal/process/task_queues:95:5)
[error] 
[error] Error: Failed to get Firebase project sih-ayush-ayurveda. Please make sure the project exists and your account has permission to access it.
